<?xml version="1.0" encoding="UTF-8"?>
<!-- Generated by org.testng.reporters.JUnitReportReporter -->
<testsuite skipped="0" hostname="DESKTOP-PGLOV37" name="practice.seleniumBrushup" tests="1" failures="0" timestamp="09 Apr 2021 06:12:27 GMT" time="5.441" errors="0">
  <testcase name="verifyGoogle" time="5.441" classname="practice.seleniumBrushup"/>
</testsuite> <!-- practice.seleniumBrushup -->
